<?xml version="1.0" encoding="UTF-8"?>
<!-- Generated by org.testng.reporters.JUnitReportReporter -->
<testsuite hostname="DESKTOP-JUVN070" failures="0" tests="2" name="com.test.TestNgBasic" time="0.006" errors="0" timestamp="2022-02-03T08:57:22 CST" skipped="0">
  <testcase classname="com.test.TestNgBasic" name="googleTitleTest" time="0.005"/>
  <system-out/>
  <testcase classname="com.test.TestNgBasic" name="searchTest" time="0.001"/>
  <system-out/>
</testsuite> <!-- com.test.TestNgBasic -->
