<?xml version="1.0" encoding="UTF-8"?>
<!-- Generated by org.testng.reporters.JUnitReportReporter -->
<testsuite hostname="DESKTOP-JUVN070" failures="0" tests="4" name="com.test.TestNGFeatures" time="0.007" errors="0" timestamp="2022-02-03T13:36:47 CST" skipped="0">
  <testcase classname="com.test.TestNGFeatures" name="HomePageTest" time="0.001"/>
  <system-out/>
  <testcase classname="com.test.TestNGFeatures" name="registerPageTest1" time="0.001"/>
  <system-out/>
  <testcase classname="com.test.TestNGFeatures" name="searchPageTest1" time="0.001"/>
  <system-out/>
  <testcase classname="com.test.TestNGFeatures" name="loginTest0" time="0.004"/>
  <system-out/>
</testsuite> <!-- com.test.TestNGFeatures -->
