<?xml version="1.0" encoding="UTF-8"?>
<!-- Generated by org.testng.reporters.JUnitReportReporter -->
<testsuite hostname="DESKTOP-JUVN070" failures="0" tests="1" name="com.test.ExceptionTimeoutTest" time="0.005" errors="0" timestamp="2022-02-03T14:14:33 CST" skipped="0">
  <testcase classname="com.test.ExceptionTimeoutTest" name="test1" time="0.005"/>
  <system-out/>
</testsuite> <!-- com.test.ExceptionTimeoutTest -->
